GROUP,PACKAGE,CLASS,INSTRUCTION_MISSED,INSTRUCTION_COVERED,BRANCH_MISSED,BRANCH_COVERED,LINE_MISSED,LINE_COVERED,COMPLEXITY_MISSED,COMPLEXITY_COVERED,METHOD_MISSED,METHOD_COVERED
Assignment for class CS5010,neu.edu.cs5010,IOLibrary,38,27,10,2,7,11,7,1,1,1
Assignment for class CS5010,neu.edu.cs5010,RSA_keyGenerator,25,84,7,1,2,13,4,3,0,3
Assignment for class CS5010,neu.edu.cs5010,TransactionType,9,29,0,0,0,2,2,2,2,2
Assignment for class CS5010,neu.edu.cs5010,SecureBankVerificationSimulator,26,477,7,39,5,90,7,26,0,10
Assignment for class CS5010,neu.edu.cs5010,RSA_verification,0,42,0,2,0,8,0,4,0,3
Assignment for class CS5010,neu.edu.cs5010,Client,0,78,0,0,0,20,0,8,0,8
Assignment for class CS5010,neu.edu.cs5010,Message,0,54,0,6,0,12,0,9,0,6
Assignment for class CS5010,neu.edu.cs5010,RSA_signature,3,49,0,2,1,8,1,4,1,3
