GROUP,PACKAGE,CLASS,INSTRUCTION_MISSED,INSTRUCTION_COVERED,BRANCH_MISSED,BRANCH_COVERED,LINE_MISSED,LINE_COVERED,COMPLEXITY_MISSED,COMPLEXITY_COVERED,METHOD_MISSED,METHOD_COVERED
Assignment for class CS5010,edu.neu.ccs.cs5010.section1,MyStack,11,0,0,0,5,0,5,0,5,0
Assignment for class CS5010,edu.neu.ccs.cs5010.section1,MyQueue,11,0,0,0,5,0,5,0,5,0
Assignment for class CS5010,edu.neu.ccs.cs5010.section2,Patient,11,77,1,1,3,30,2,14,1,14
Assignment for class CS5010,edu.neu.ccs.cs5010.section2,Room,0,83,0,0,0,33,0,17,0,17
Assignment for class CS5010,edu.neu.ccs.cs5010.section2,MyPriorityQueue,25,136,8,14,4,34,5,17,0,11
Assignment for class CS5010,edu.neu.ccs.cs5010.section2,ERSimulatorApp,15,0,0,0,5,0,2,0,2,0
Assignment for class CS5010,edu.neu.ccs.cs5010.section2,PatientGenerator,5,55,0,0,3,12,0,2,0,2
Assignment for class CS5010,edu.neu.ccs.cs5010.section2,ERSimulator,1023,0,54,0,180,0,40,0,13,0
